<?xml version="1.0" encoding="UTF-8"?>
<!-- Generated by org.testng.reporters.JUnitReportReporter -->
<testsuite hostname="DESKTOP-R4CIO73" failures="0" tests="2" name="TestCases.DOC_Refer_to_Admission_Setup2shfj" time="1.278" errors="1" timestamp="2021-12-23T11:18:01 EET" skipped="1">
  <testcase classname="TestCases.DOC_Refer_to_Admission_Setup2shfj" name="navigate_to_login" time="0.000">
    <skipped/>
  </testcase> <!-- navigate_to_login -->
  <system-out/>
  <testcase classname="TestCases.DOC_Refer_to_Admission_Setup2shfj" name="setup" time="1.278">
    <error message="session not created: This version of ChromeDriver only supports Chrome version 94
Current browser version is 96.0.4664.110 with binary path C:\Program Files (x86)\Google\Chrome\Application\chrome.exe
Build info: version: &#039;3.141.59&#039;, revision: &#039;e82be7d358&#039;, time: &#039;2018-11-14T08:17:03&#039;
System info: host: &#039;DESKTOP-R4CIO73&#039;, ip: &#039;192.168.1.103&#039;, os.name: &#039;Windows 10&#039;, os.arch: &#039;amd64&#039;, os.version: &#039;10.0&#039;, java.version: &#039;16&#039;
Driver info: driver.version: ChromeDriver
remote stacktrace: Backtrace:
	Ordinal0 [0x0062B9D3+2472403]
	Ordinal0 [0x005C6961+2058593]
	Ordinal0 [0x004D22B8+1057464]
	Ordinal0 [0x004F03FA+1180666]
	Ordinal0 [0x004EC2E5+1164005]
	Ordinal0 [0x004E9B7F+1153919]
	Ordinal0 [0x0051997F+1350015]
	Ordinal0 [0x005195EA+1349098]
	Ordinal0 [0x0051545B+1332315]
	Ordinal0 [0x004F1FB4+1187764]
	Ordinal0 [0x004F2E09+1191433]
	GetHandleVerifier [0x007B3396+1551078]
	GetHandleVerifier [0x0085D53A+2247818]
	GetHandleVerifier [0x006B7FBB+521995]
	GetHandleVerifier [0x006B7079+518089]
	Ordinal0 [0x005CBD4D+2080077]
	Ordinal0 [0x005CFC18+2096152]
	Ordinal0 [0x005CFD52+2096466]
	Ordinal0 [0x005D94B1+2135217]
	BaseThreadInitThunk [0x75C8FA29+25]
	RtlGetAppContainerNamedObjectPath [0x775A7A9E+286]
	RtlGetAppContainerNamedObjectPath [0x775A7A6E+238]
" type="org.openqa.selenium.SessionNotCreatedException">
      <![CDATA[org.openqa.selenium.SessionNotCreatedException: session not created: This version of ChromeDriver only supports Chrome version 94
Current browser version is 96.0.4664.110 with binary path C:\Program Files (x86)\Google\Chrome\Application\chrome.exe
Build info: version: '3.141.59', revision: 'e82be7d358', time: '2018-11-14T08:17:03'
System info: host: 'DESKTOP-R4CIO73', ip: '192.168.1.103', os.name: 'Windows 10', os.arch: 'amd64', os.version: '10.0', java.version: '16'
Driver info: driver.version: ChromeDriver
remote stacktrace: Backtrace:
Ordinal0 [0x0062B9D3+2472403]
Ordinal0 [0x005C6961+2058593]
Ordinal0 [0x004D22B8+1057464]
Ordinal0 [0x004F03FA+1180666]
Ordinal0 [0x004EC2E5+1164005]
Ordinal0 [0x004E9B7F+1153919]
Ordinal0 [0x0051997F+1350015]
Ordinal0 [0x005195EA+1349098]
Ordinal0 [0x0051545B+1332315]
Ordinal0 [0x004F1FB4+1187764]
Ordinal0 [0x004F2E09+1191433]
GetHandleVerifier [0x007B3396+1551078]
GetHandleVerifier [0x0085D53A+2247818]
GetHandleVerifier [0x006B7FBB+521995]
GetHandleVerifier [0x006B7079+518089]
Ordinal0 [0x005CBD4D+2080077]
Ordinal0 [0x005CFC18+2096152]
Ordinal0 [0x005CFD52+2096466]
Ordinal0 [0x005D94B1+2135217]
BaseThreadInitThunk [0x75C8FA29+25]
RtlGetAppContainerNamedObjectPath [0x775A7A9E+286]
RtlGetAppContainerNamedObjectPath [0x775A7A6E+238]

at java.base/jdk.internal.reflect.NativeConstructorAccessorImpl.newInstance0(Native Method)
at java.base/jdk.internal.reflect.NativeConstructorAccessorImpl.newInstance(NativeConstructorAccessorImpl.java:78)
at java.base/jdk.internal.reflect.DelegatingConstructorAccessorImpl.newInstance(DelegatingConstructorAccessorImpl.java:45)
at java.base/java.lang.reflect.Constructor.newInstanceWithCaller(Constructor.java:499)
at java.base/java.lang.reflect.Constructor.newInstance(Constructor.java:480)
at org.openqa.selenium.remote.W3CHandshakeResponse.lambda$errorHandler$0(W3CHandshakeResponse.java:62)
at org.openqa.selenium.remote.HandshakeResponse.lambda$getResponseFunction$0(HandshakeResponse.java:30)
at org.openqa.selenium.remote.ProtocolHandshake.lambda$createSession$0(ProtocolHandshake.java:126)
at java.base/java.util.stream.ReferencePipeline$3$1.accept(ReferencePipeline.java:197)
at java.base/java.util.Spliterators$ArraySpliterator.tryAdvance(Spliterators.java:958)
at java.base/java.util.stream.ReferencePipeline.forEachWithCancel(ReferencePipeline.java:129)
at java.base/java.util.stream.AbstractPipeline.copyIntoWithCancel(AbstractPipeline.java:502)
at java.base/java.util.stream.AbstractPipeline.copyInto(AbstractPipeline.java:488)
at java.base/java.util.stream.AbstractPipeline.wrapAndCopyInto(AbstractPipeline.java:474)
at java.base/java.util.stream.FindOps$FindOp.evaluateSequential(FindOps.java:150)
at java.base/java.util.stream.AbstractPipeline.evaluate(AbstractPipeline.java:234)
at java.base/java.util.stream.ReferencePipeline.findFirst(ReferencePipeline.java:647)
at org.openqa.selenium.remote.ProtocolHandshake.createSession(ProtocolHandshake.java:128)
at org.openqa.selenium.remote.ProtocolHandshake.createSession(ProtocolHandshake.java:74)
at org.openqa.selenium.remote.HttpCommandExecutor.execute(HttpCommandExecutor.java:136)
at org.openqa.selenium.remote.service.DriverCommandExecutor.execute(DriverCommandExecutor.java:83)
at org.openqa.selenium.remote.RemoteWebDriver.execute(RemoteWebDriver.java:552)
at org.openqa.selenium.remote.RemoteWebDriver.startSession(RemoteWebDriver.java:213)
at org.openqa.selenium.remote.RemoteWebDriver.<init>(RemoteWebDriver.java:131)
at org.openqa.selenium.chrome.ChromeDriver.<init>(ChromeDriver.java:181)
at org.openqa.selenium.chrome.ChromeDriver.<init>(ChromeDriver.java:168)
at org.openqa.selenium.chrome.ChromeDriver.<init>(ChromeDriver.java:157)
at TestCases.DOC_Refer_to_Admission_Setup2shfj.setup(DOC_Refer_to_Admission_Setup2shfj.java:27)
at java.base/jdk.internal.reflect.NativeMethodAccessorImpl.invoke0(Native Method)
at java.base/jdk.internal.reflect.NativeMethodAccessorImpl.invoke(NativeMethodAccessorImpl.java:78)
at java.base/jdk.internal.reflect.DelegatingMethodAccessorImpl.invoke(DelegatingMethodAccessorImpl.java:43)
at java.base/java.lang.reflect.Method.invoke(Method.java:567)
at org.testng.internal.MethodInvocationHelper.invokeMethod(MethodInvocationHelper.java:133)
at org.testng.internal.MethodInvocationHelper.invokeMethodConsideringTimeout(MethodInvocationHelper.java:62)
at org.testng.internal.ConfigInvoker.invokeConfigurationMethod(ConfigInvoker.java:385)
at org.testng.internal.ConfigInvoker.invokeConfigurations(ConfigInvoker.java:321)
at org.testng.TestRunner.invokeTestConfigurations(TestRunner.java:637)
at org.testng.TestRunner.beforeRun(TestRunner.java:627)
at org.testng.TestRunner.run(TestRunner.java:589)
at org.testng.SuiteRunner.runTest(SuiteRunner.java:377)
at org.testng.SuiteRunner.runSequentially(SuiteRunner.java:371)
at org.testng.SuiteRunner.privateRun(SuiteRunner.java:332)
at org.testng.SuiteRunner.run(SuiteRunner.java:276)
at org.testng.SuiteRunnerWorker.runSuite(SuiteRunnerWorker.java:53)
at org.testng.SuiteRunnerWorker.run(SuiteRunnerWorker.java:96)
at org.testng.TestNG.runSuitesSequentially(TestNG.java:1212)
at org.testng.TestNG.runSuitesLocally(TestNG.java:1134)
at org.testng.TestNG.runSuites(TestNG.java:1063)
at org.testng.TestNG.run(TestNG.java:1031)
at org.testng.remote.AbstractRemoteTestNG.run(AbstractRemoteTestNG.java:115)
at org.testng.remote.RemoteTestNG.initAndRun(RemoteTestNG.java:251)
at org.testng.remote.RemoteTestNG.main(RemoteTestNG.java:77)
]]>
    </error>
  </testcase> <!-- setup -->
  <system-out/>
</testsuite> <!-- TestCases.DOC_Refer_to_Admission_Setup2shfj -->
